[Mon Jun 05 01:44:29 CEST 2023 INFO] Initialising JBotify... 
[Mon Jun 05 01:44:29 CEST 2023 INFO] Loading bot data from botdat.properties file
[Mon Jun 05 01:44:29 CEST 2023 INFO] Initialising TelegramBot... 
[Mon Jun 05 01:44:30 CEST 2023 INFO] Initialising Events Handlers... 
[Mon Jun 05 01:44:30 CEST 2023 ERROR] Exception in tread main :java.lang.ClassCastException: class com.isetrip.jbotify.examples.handlers.EventHandler cannot be cast to class com.isetrip.jbotify.root.annotations.BotEventHandler (com.isetrip.jbotify.examples.handlers.EventHandler and com.isetrip.jbotify.root.annotations.BotEventHandler are in unnamed module of loader 'app')
	at com.isetrip.jbotify.events.EventsRegister.register(EventsRegister.java:23)
	at com.isetrip.jbotify.JBotifyApplication.run(JBotifyApplication.java:54)
	at com.isetrip.jbotify.examples.ExampleBot.main(ExampleBot.java:12)

[Mon Jun 05 01:47:23 CEST 2023 INFO] Initialising JBotify... 
[Mon Jun 05 01:47:23 CEST 2023 INFO] Loading bot data from botdat.properties file
[Mon Jun 05 01:47:23 CEST 2023 INFO] Initialising TelegramBot... 
[Mon Jun 05 01:47:24 CEST 2023 INFO] Initialising Events Handlers... 
[Mon Jun 05 01:47:24 CEST 2023 ERROR] Exception in tread main :java.lang.ClassCastException: class com.isetrip.jbotify.examples.handlers.EventHandler cannot be cast to class com.isetrip.jbotify.root.annotations.BotEventHandler (com.isetrip.jbotify.examples.handlers.EventHandler and com.isetrip.jbotify.root.annotations.BotEventHandler are in unnamed module of loader 'app')
	at com.isetrip.jbotify.events.EventsRegister.register(EventsRegister.java:25)
	at com.isetrip.jbotify.JBotifyApplication.run(JBotifyApplication.java:54)
	at com.isetrip.jbotify.examples.ExampleBot.main(ExampleBot.java:12)

[Mon Jun 05 01:47:37 CEST 2023 INFO] Initialising JBotify... 
[Mon Jun 05 01:47:37 CEST 2023 INFO] Loading bot data from botdat.properties file
[Mon Jun 05 01:47:37 CEST 2023 INFO] Initialising TelegramBot... 
[Mon Jun 05 01:47:38 CEST 2023 INFO] Initialising Events Handlers... 
[Mon Jun 05 01:47:38 CEST 2023 ERROR] Exception in tread main :java.lang.ClassCastException: class com.isetrip.jbotify.examples.handlers.EventHandler cannot be cast to class com.isetrip.jbotify.root.annotations.BotEventHandler (com.isetrip.jbotify.examples.handlers.EventHandler and com.isetrip.jbotify.root.annotations.BotEventHandler are in unnamed module of loader 'app')
	at com.isetrip.jbotify.events.EventsRegister.register(EventsRegister.java:25)
	at com.isetrip.jbotify.JBotifyApplication.run(JBotifyApplication.java:54)
	at com.isetrip.jbotify.examples.ExampleBot.main(ExampleBot.java:12)

[Mon Jun 05 01:49:14 CEST 2023 INFO] Initialising JBotify... 
[Mon Jun 05 01:49:15 CEST 2023 INFO] Loading bot data from botdat.properties file
[Mon Jun 05 01:49:15 CEST 2023 INFO] Initialising TelegramBot... 
[Mon Jun 05 01:49:15 CEST 2023 INFO] Initialising Events Handlers... 
[Mon Jun 05 01:49:58 CEST 2023 INFO] Initialising JBotify... 
[Mon Jun 05 01:49:58 CEST 2023 INFO] Loading bot data from botdat.properties file
[Mon Jun 05 01:49:58 CEST 2023 INFO] Initialising TelegramBot... 
[Mon Jun 05 01:50:00 CEST 2023 INFO] Initialising Events Handlers... 
[Mon Jun 05 01:51:03 CEST 2023 INFO] Initialising JBotify... 
[Mon Jun 05 01:51:03 CEST 2023 INFO] Loading bot data from botdat.properties file
[Mon Jun 05 01:51:03 CEST 2023 INFO] Initialising TelegramBot... 
[Mon Jun 05 01:51:04 CEST 2023 INFO] Initialising Events Handlers... 
[Mon Jun 05 01:51:04 CEST 2023 INFO] JBotify is up and running and ready to go!
[Mon Jun 05 01:52:06 CEST 2023 INFO] Initialising JBotify... 
[Mon Jun 05 01:52:06 CEST 2023 INFO] Loading bot data from botdat.properties file
[Mon Jun 05 01:52:06 CEST 2023 INFO] Initialising TelegramBot... 
[Mon Jun 05 01:52:07 CEST 2023 INFO] Initialising Events Handlers... 
[Mon Jun 05 01:52:07 CEST 2023 INFO] JBotify is up and running and ready to go!
[Mon Jun 05 01:53:01 CEST 2023 INFO] Initialising JBotify... 
[Mon Jun 05 01:53:01 CEST 2023 INFO] Loading bot data from botdat.properties file
[Mon Jun 05 01:53:01 CEST 2023 INFO] Initialising TelegramBot... 
[Mon Jun 05 01:53:02 CEST 2023 INFO] Initialising Events Handlers... 
[Mon Jun 05 01:53:02 CEST 2023 INFO] JBotify is up and running and ready to go!
[Mon Jun 05 01:53:43 CEST 2023 INFO] Initialising JBotify... 
[Mon Jun 05 01:53:43 CEST 2023 INFO] Loading bot data from botdat.properties file
[Mon Jun 05 01:53:43 CEST 2023 INFO] Initialising TelegramBot... 
[Mon Jun 05 01:53:44 CEST 2023 INFO] Initialising Events Handlers... 
[Mon Jun 05 01:53:44 CEST 2023 INFO] JBotify is up and running and ready to go!
[Mon Jun 05 01:55:09 CEST 2023 INFO] Initialising JBotify... 
[Mon Jun 05 01:55:09 CEST 2023 INFO] Loading bot data from botdat.properties file
[Mon Jun 05 01:55:09 CEST 2023 INFO] Initialising TelegramBot... 
[Mon Jun 05 01:55:10 CEST 2023 INFO] Initialising Events Handlers... 
[Mon Jun 05 01:55:10 CEST 2023 INFO] JBotify is up and running and ready to go!
[Mon Jun 05 01:55:42 CEST 2023 INFO] Initialising JBotify... 
[Mon Jun 05 01:55:42 CEST 2023 INFO] Loading bot data from botdat.properties file
[Mon Jun 05 01:55:42 CEST 2023 INFO] Initialising TelegramBot... 
[Mon Jun 05 01:55:43 CEST 2023 INFO] Initialising Events Handlers... 
[Mon Jun 05 01:55:43 CEST 2023 INFO] JBotify is up and running and ready to go!
[Mon Jun 05 02:13:19 CEST 2023 INFO] Initialising JBotify... 
[Mon Jun 05 02:13:19 CEST 2023 INFO] Loading bot data from botdat.properties file
[Mon Jun 05 02:13:19 CEST 2023 INFO] Initialising TelegramBot... 
[Mon Jun 05 02:13:20 CEST 2023 INFO] Initialising Events Handlers... 
[Mon Jun 05 02:13:20 CEST 2023 INFO] Initialising Commands... 
[Mon Jun 05 02:13:20 CEST 2023 INFO] JBotify is up and running and ready to go!
[Mon Jun 05 03:00:23 CEST 2023 INFO] Initialising JBotify... 
[Mon Jun 05 03:00:23 CEST 2023 INFO] Loading bot data from botdat.properties file
[Mon Jun 05 03:00:23 CEST 2023 INFO] Initialising TelegramBot... 
[Mon Jun 05 03:00:25 CEST 2023 INFO] Initialising Events Handlers... 
[Mon Jun 05 03:00:25 CEST 2023 INFO] Initialising Commands... 
[Mon Jun 05 03:00:25 CEST 2023 INFO] Initialising Languages... 
[Mon Jun 05 03:00:25 CEST 2023 ERROR] Exception in tread main :java.lang.ClassCastException: class com.isetrip.jbotify.examples.langs.Ukrainian cannot be cast to class com.isetrip.jbotify.root.annotations.Lang (com.isetrip.jbotify.examples.langs.Ukrainian and com.isetrip.jbotify.root.annotations.Lang are in unnamed module of loader 'app')
	at com.isetrip.jbotify.JBotifyApplication.run(JBotifyApplication.java:83)
	at com.isetrip.jbotify.examples.ExampleBot.main(ExampleBot.java:12)

[Mon Jun 05 03:03:09 CEST 2023 INFO] Initialising JBotify... 
[Mon Jun 05 03:03:09 CEST 2023 INFO] Loading bot data from botdat.properties file
[Mon Jun 05 03:03:09 CEST 2023 INFO] Initialising TelegramBot... 
[Mon Jun 05 03:03:10 CEST 2023 INFO] Initialising Events Handlers... 
[Mon Jun 05 03:03:10 CEST 2023 INFO] Initialising Commands... 
[Mon Jun 05 03:03:10 CEST 2023 INFO] Initialising Languages... 
[Mon Jun 05 03:03:10 CEST 2023 ERROR] Exception in tread main :java.lang.ClassCastException: class com.isetrip.jbotify.examples.langs.Ukrainian cannot be cast to class com.isetrip.jbotify.root.annotations.Lang (com.isetrip.jbotify.examples.langs.Ukrainian and com.isetrip.jbotify.root.annotations.Lang are in unnamed module of loader 'app')
	at com.isetrip.jbotify.JBotifyApplication.run(JBotifyApplication.java:83)
	at com.isetrip.jbotify.examples.ExampleBot.main(ExampleBot.java:12)

[Mon Jun 05 03:12:25 CEST 2023 INFO] Initialising JBotify... 
[Mon Jun 05 03:12:25 CEST 2023 INFO] Loading bot data from botdat.properties file
[Mon Jun 05 03:12:25 CEST 2023 INFO] Initialising TelegramBot... 
[Mon Jun 05 03:12:26 CEST 2023 INFO] Initialising Events Handlers... 
[Mon Jun 05 03:12:26 CEST 2023 INFO] Initialising Commands... 
[Mon Jun 05 03:12:26 CEST 2023 INFO] Initialising Languages... 
[Mon Jun 05 03:12:26 CEST 2023 ERROR] Exception in tread main :java.lang.NullPointerException
	at java.base/java.io.Reader.<init>(Reader.java:168)
	at java.base/java.io.InputStreamReader.<init>(InputStreamReader.java:112)
	at com.isetrip.jbotify.lang.LangManager.loadLanguageProperties(LangManager.java:37)
	at com.isetrip.jbotify.JBotifyApplication.run(JBotifyApplication.java:85)
	at com.isetrip.jbotify.examples.ExampleBot.main(ExampleBot.java:12)

[Mon Jun 05 03:13:20 CEST 2023 INFO] Initialising JBotify... 
[Mon Jun 05 03:13:20 CEST 2023 INFO] Loading bot data from botdat.properties file
[Mon Jun 05 03:13:20 CEST 2023 INFO] Initialising TelegramBot... 
[Mon Jun 05 03:13:21 CEST 2023 INFO] Initialising Events Handlers... 
[Mon Jun 05 03:13:21 CEST 2023 INFO] Initialising Commands... 
[Mon Jun 05 03:13:21 CEST 2023 INFO] Initialising Languages... 
[Mon Jun 05 03:13:21 CEST 2023 ERROR] Exception in tread main :java.lang.NullPointerException
	at java.base/java.io.Reader.<init>(Reader.java:168)
	at java.base/java.io.InputStreamReader.<init>(InputStreamReader.java:112)
	at com.isetrip.jbotify.lang.LangManager.loadLanguageProperties(LangManager.java:38)
	at com.isetrip.jbotify.JBotifyApplication.run(JBotifyApplication.java:85)
	at com.isetrip.jbotify.examples.ExampleBot.main(ExampleBot.java:12)

[Mon Jun 05 03:13:39 CEST 2023 INFO] Initialising JBotify... 
[Mon Jun 05 03:13:39 CEST 2023 INFO] Loading bot data from botdat.properties file
[Mon Jun 05 03:13:39 CEST 2023 INFO] Initialising TelegramBot... 
[Mon Jun 05 03:13:40 CEST 2023 INFO] Initialising Events Handlers... 
[Mon Jun 05 03:13:40 CEST 2023 INFO] Initialising Commands... 
[Mon Jun 05 03:13:40 CEST 2023 INFO] Initialising Languages... 
[Mon Jun 05 03:13:40 CEST 2023 INFO] Initialising Buttons... 
[Mon Jun 05 03:13:40 CEST 2023 INFO] JBotify is up and running and ready to go!
[Mon Jun 05 03:15:19 CEST 2023 INFO] Initialising JBotify... 
[Mon Jun 05 03:15:19 CEST 2023 INFO] Loading bot data from botdat.properties file
[Mon Jun 05 03:15:19 CEST 2023 INFO] Initialising TelegramBot... 
[Mon Jun 05 03:15:20 CEST 2023 INFO] Initialising Events Handlers... 
[Mon Jun 05 03:15:20 CEST 2023 INFO] Initialising Commands... 
[Mon Jun 05 03:15:20 CEST 2023 INFO] Initialising Languages... 
[Mon Jun 05 03:15:20 CEST 2023 INFO] Initialising Buttons... 
[Mon Jun 05 03:15:20 CEST 2023 INFO] JBotify is up and running and ready to go!
[Mon Jun 05 03:22:07 CEST 2023 INFO] Initialising JBotify... 
[Mon Jun 05 03:22:07 CEST 2023 INFO] Loading bot data from botdat.properties file
[Mon Jun 05 03:22:07 CEST 2023 INFO] Initialising TelegramBot... 
[Mon Jun 05 03:22:08 CEST 2023 INFO] Initialising Events Handlers... 
[Mon Jun 05 03:22:08 CEST 2023 INFO] Initialising Commands... 
[Mon Jun 05 03:22:08 CEST 2023 INFO] Initialising Languages... 
[Mon Jun 05 03:22:08 CEST 2023 INFO] Initialising Buttons... 
[Mon Jun 05 03:22:08 CEST 2023 INFO] JBotify is up and running and ready to go!
